This is pdfTeX, Version 3.141592653-2.6-1.40.25 (TeX Live 2023) (preloaded format=pdflatex 2024.3.6)  10 MAR 2024 22:35
entering extended mode
 restricted \write18 enabled.
 file:line:error style messages enabled.
 %&-line parsing enabled.
**"/Users/apple/Documents/School/Year 3 Spring/PHY 353L/Labs/Lab 3/LaTex Lab/Lab3.tex"
(/Users/apple/Documents/School/Year 3 Spring/PHY 353L/Labs/Lab 3/LaTex Lab/Lab3.tex
LaTeX2e <2022-11-01> patch level 1
L3 programming layer <2023-02-22> (/usr/local/texlive/2023/texmf-dist/tex/latex/base/article.cls
Document Class: article 2022/07/02 v1.4n Standard LaTeX document class
(/usr/local/texlive/2023/texmf-dist/tex/latex/base/size12.clo
File: size12.clo 2022/07/02 v1.4n Standard LaTeX file (size option)
)
\c@part=\count185
\c@section=\count186
\c@subsection=\count187
\c@subsubsection=\count188
\c@paragraph=\count189
\c@subparagraph=\count190
\c@figure=\count191
\c@table=\count192
\abovecaptionskip=\skip48
\belowcaptionskip=\skip49
\bibindent=\dimen140
) (/usr/local/texlive/2023/texmf-dist/tex/latex/graphics/graphicx.sty
Package: graphicx 2021/09/16 v1.2d Enhanced LaTeX Graphics (DPC,SPQR)
 (/usr/local/texlive/2023/texmf-dist/tex/latex/graphics/keyval.sty
Package: keyval 2022/05/29 v1.15 key=value parser (DPC)
\KV@toks@=\toks16
) (/usr/local/texlive/2023/texmf-dist/tex/latex/graphics/graphics.sty
Package: graphics 2022/03/10 v1.4e Standard LaTeX Graphics (DPC,SPQR)
 (/usr/local/texlive/2023/texmf-dist/tex/latex/graphics/trig.sty
Package: trig 2021/08/11 v1.11 sin cos tan (DPC)
) (/usr/local/texlive/2023/texmf-dist/tex/latex/graphics-cfg/graphics.cfg
File: graphics.cfg 2016/06/04 v1.11 sample graphics configuration
)
Package graphics Info: Driver file: pdftex.def on input line 107.
 (/usr/local/texlive/2023/texmf-dist/tex/latex/graphics-def/pdftex.def
File: pdftex.def 2022/09/22 v1.2b Graphics/color driver for pdftex
))
\Gin@req@height=\dimen141
\Gin@req@width=\dimen142
) (/usr/local/texlive/2023/texmf-dist/tex/latex/amsmath/amsmath.sty
Package: amsmath 2022/04/08 v2.17n AMS math features
\@mathmargin=\skip50

For additional information on amsmath, use the `?' option.
(/usr/local/texlive/2023/texmf-dist/tex/latex/amsmath/amstext.sty
Package: amstext 2021/08/26 v2.01 AMS text
 (/usr/local/texlive/2023/texmf-dist/tex/latex/amsmath/amsgen.sty
File: amsgen.sty 1999/11/30 v2.0 generic functions
\@emptytoks=\toks17
\ex@=\dimen143
)) (/usr/local/texlive/2023/texmf-dist/tex/latex/amsmath/amsbsy.sty
Package: amsbsy 1999/11/29 v1.2d Bold Symbols
\pmbraise@=\dimen144
) (/usr/local/texlive/2023/texmf-dist/tex/latex/amsmath/amsopn.sty
Package: amsopn 2022/04/08 v2.04 operator names
)
\inf@bad=\count193
LaTeX Info: Redefining \frac on input line 234.
\uproot@=\count194
\leftroot@=\count195
LaTeX Info: Redefining \overline on input line 399.
LaTeX Info: Redefining \colon on input line 410.
\classnum@=\count196
\DOTSCASE@=\count197
LaTeX Info: Redefining \ldots on input line 496.
LaTeX Info: Redefining \dots on input line 499.
LaTeX Info: Redefining \cdots on input line 620.
\Mathstrutbox@=\box51
\strutbox@=\box52
LaTeX Info: Redefining \big on input line 722.
LaTeX Info: Redefining \Big on input line 723.
LaTeX Info: Redefining \bigg on input line 724.
LaTeX Info: Redefining \Bigg on input line 725.
\big@size=\dimen145
LaTeX Font Info:    Redeclaring font encoding OML on input line 743.
LaTeX Font Info:    Redeclaring font encoding OMS on input line 744.
\macc@depth=\count198
LaTeX Info: Redefining \bmod on input line 905.
LaTeX Info: Redefining \pmod on input line 910.
LaTeX Info: Redefining \smash on input line 940.
LaTeX Info: Redefining \relbar on input line 970.
LaTeX Info: Redefining \Relbar on input line 971.
\c@MaxMatrixCols=\count199
\dotsspace@=\muskip16
\c@parentequation=\count266
\dspbrk@lvl=\count267
\tag@help=\toks18
\row@=\count268
\column@=\count269
\maxfields@=\count270
\andhelp@=\toks19
\eqnshift@=\dimen146
\alignsep@=\dimen147
\tagshift@=\dimen148
\tagwidth@=\dimen149
\totwidth@=\dimen150
\lineht@=\dimen151
\@envbody=\toks20
\multlinegap=\skip51
\multlinetaggap=\skip52
\mathdisplay@stack=\toks21
LaTeX Info: Redefining \[ on input line 2953.
LaTeX Info: Redefining \] on input line 2954.
) (/usr/local/texlive/2023/texmf-dist/tex/latex/geometry/geometry.sty
Package: geometry 2020/01/02 v5.9 Page Geometry
 (/usr/local/texlive/2023/texmf-dist/tex/generic/iftex/ifvtex.sty
Package: ifvtex 2019/10/25 v1.7 ifvtex legacy package. Use iftex instead.
 (/usr/local/texlive/2023/texmf-dist/tex/generic/iftex/iftex.sty
Package: iftex 2022/02/03 v1.0f TeX engine tests
))
\Gm@cnth=\count271
\Gm@cntv=\count272
\c@Gm@tempcnt=\count273
\Gm@bindingoffset=\dimen152
\Gm@wd@mp=\dimen153
\Gm@odd@mp=\dimen154
\Gm@even@mp=\dimen155
\Gm@layoutwidth=\dimen156
\Gm@layoutheight=\dimen157
\Gm@layouthoffset=\dimen158
\Gm@layoutvoffset=\dimen159
\Gm@dimlist=\toks22
) (/usr/local/texlive/2023/texmf-dist/tex/latex/listings/listings.sty
\lst@mode=\count274
\lst@gtempboxa=\box53
\lst@token=\toks23
\lst@length=\count275
\lst@currlwidth=\dimen160
\lst@column=\count276
\lst@pos=\count277
\lst@lostspace=\dimen161
\lst@width=\dimen162
\lst@newlines=\count278
\lst@lineno=\count279
\lst@maxwidth=\dimen163
 (/usr/local/texlive/2023/texmf-dist/tex/latex/listings/lstmisc.sty
File: lstmisc.sty 2023/02/27 1.9 (Carsten Heinz)
\c@lstnumber=\count280
\lst@skipnumbers=\count281
\lst@framebox=\box54
) (/usr/local/texlive/2023/texmf-dist/tex/latex/listings/listings.cfg
File: listings.cfg 2023/02/27 1.9 listings configuration
))
Package: listings 2023/02/27 1.9 (Carsten Heinz)
 (/usr/local/texlive/2023/texmf-dist/tex/latex/l3backend/l3backend-pdftex.def
File: l3backend-pdftex.def 2023-01-16 L3 backend support: PDF output (pdfTeX)
\l__color_backend_stack_int=\count282
\l__pdf_internal_box=\box55
) (./Lab3.aux)
\openout1 = `Lab3.aux'.

LaTeX Font Info:    Checking defaults for OML/cmm/m/it on input line 15.
LaTeX Font Info:    ... okay on input line 15.
LaTeX Font Info:    Checking defaults for OMS/cmsy/m/n on input line 15.
LaTeX Font Info:    ... okay on input line 15.
LaTeX Font Info:    Checking defaults for OT1/cmr/m/n on input line 15.
LaTeX Font Info:    ... okay on input line 15.
LaTeX Font Info:    Checking defaults for T1/cmr/m/n on input line 15.
LaTeX Font Info:    ... okay on input line 15.
LaTeX Font Info:    Checking defaults for TS1/cmr/m/n on input line 15.
LaTeX Font Info:    ... okay on input line 15.
LaTeX Font Info:    Checking defaults for OMX/cmex/m/n on input line 15.
LaTeX Font Info:    ... okay on input line 15.
LaTeX Font Info:    Checking defaults for U/cmr/m/n on input line 15.
LaTeX Font Info:    ... okay on input line 15.
 (/usr/local/texlive/2023/texmf-dist/tex/context/base/mkii/supp-pdf.mkii
[Loading MPS to PDF converter (version 2006.09.02).]
\scratchcounter=\count283
\scratchdimen=\dimen164
\scratchbox=\box56
\nofMPsegments=\count284
\nofMParguments=\count285
\everyMPshowfont=\toks24
\MPscratchCnt=\count286
\MPscratchDim=\dimen165
\MPnumerator=\count287
\makeMPintoPDFobject=\count288
\everyMPtoPDFconversion=\toks25
) (/usr/local/texlive/2023/texmf-dist/tex/latex/epstopdf-pkg/epstopdf-base.sty
Package: epstopdf-base 2020-01-24 v2.11 Base part for package epstopdf
Package epstopdf-base Info: Redefining graphics rule for `.eps' on input line 485.
 (/usr/local/texlive/2023/texmf-dist/tex/latex/latexconfig/epstopdf-sys.cfg
File: epstopdf-sys.cfg 2010/07/13 v1.3 Configuration of (r)epstopdf for TeX Live
))
*geometry* driver: auto-detecting
*geometry* detected driver: pdftex
*geometry* verbose mode - [ preamble ] result:
* driver: pdftex
* paper: a4paper
* layout: <same size as paper>
* layoutoffset:(h,v)=(0.0pt,0.0pt)
* modes: 
* h-part:(L,W,R)=(72.26999pt, 452.9679pt, 72.26999pt)
* v-part:(T,H,B)=(72.26999pt, 700.50687pt, 72.26999pt)
* \paperwidth=597.50787pt
* \paperheight=845.04684pt
* \textwidth=452.9679pt
* \textheight=700.50687pt
* \oddsidemargin=0.0pt
* \evensidemargin=0.0pt
* \topmargin=-37.0pt
* \headheight=12.0pt
* \headsep=25.0pt
* \topskip=12.0pt
* \footskip=30.0pt
* \marginparwidth=44.0pt
* \marginparsep=10.0pt
* \columnsep=10.0pt
* \skip\footins=10.8pt plus 4.0pt minus 2.0pt
* \hoffset=0.0pt
* \voffset=0.0pt
* \mag=1000
* \@twocolumnfalse
* \@twosidefalse
* \@mparswitchfalse
* \@reversemarginfalse
* (1in=72.27pt=25.4mm, 1cm=28.453pt)

\c@lstlisting=\count289
[1

{/usr/local/texlive/2023/texmf-var/fonts/map/pdftex/updmap/pdftex.map}] [2]
<./img/other/circuit_img.png, id=14, 2031.59pt x 1324.95pt>
File: ./img/other/circuit_img.png Graphic file (type png)
<use ./img/other/circuit_img.png>
Package pdftex.def Info: ./img/other/circuit_img.png  used on input line 130.
(pdftex.def)             Requested size: 317.07614pt x 206.78032pt.


LaTeX Warning: `!h' float specifier changed to `!ht'.

[3]
<./img/plots/Trail1_VonV.png, id=19, 614.295pt x 341.8371pt>
File: ./img/plots/Trail1_VonV.png Graphic file (type png)
<use ./img/plots/Trail1_VonV.png>
Package pdftex.def Info: ./img/plots/Trail1_VonV.png  used on input line 178.
(pdftex.def)             Requested size: 317.07614pt x 176.44186pt.
 [4 <./img/other/circuit_img.png> <./img/plots/Trail1_VonV.png>]
<./img/plots/Trail1_O.png, id=25, 412.6617pt x 330.2739pt>
File: ./img/plots/Trail1_O.png Graphic file (type png)
<use ./img/plots/Trail1_O.png>
Package pdftex.def Info: ./img/plots/Trail1_O.png  used on input line 185.
(pdftex.def)             Requested size: 317.07614pt x 253.77243pt.
<./img/plots/Trial2_VonV.png, id=26, 610.6815pt x 341.8371pt>
File: ./img/plots/Trial2_VonV.png Graphic file (type png)
<use ./img/plots/Trial2_VonV.png>
Package pdftex.def Info: ./img/plots/Trial2_VonV.png  used on input line 193.
(pdftex.def)             Requested size: 317.07614pt x 177.49028pt.
 [5 <./img/plots/Trail1_O.png>]
<./img/plots/Trail2_O.png, id=31, 409.0482pt x 330.2739pt>
File: ./img/plots/Trail2_O.png Graphic file (type png)
<use ./img/plots/Trail2_O.png>
Package pdftex.def Info: ./img/plots/Trail2_O.png  used on input line 200.
(pdftex.def)             Requested size: 317.07614pt x 256.02008pt.
<./img/plots/Trail3_VonV.png, id=32, 610.6815pt x 341.8371pt>
File: ./img/plots/Trail3_VonV.png Graphic file (type png)
<use ./img/plots/Trail3_VonV.png>
Package pdftex.def Info: ./img/plots/Trail3_VonV.png  used on input line 208.
(pdftex.def)             Requested size: 317.07614pt x 177.49028pt.
 [6 <./img/plots/Trial2_VonV.png> <./img/plots/Trail2_O.png>]
<./img/plots/Trail3_O.png, id=38, 409.0482pt x 330.2739pt>
File: ./img/plots/Trail3_O.png Graphic file (type png)
<use ./img/plots/Trail3_O.png>
Package pdftex.def Info: ./img/plots/Trail3_O.png  used on input line 215.
(pdftex.def)             Requested size: 317.07614pt x 256.02008pt.
<./img/plots/Trail4_VonV.png, id=39, 614.295pt x 341.8371pt>
File: ./img/plots/Trail4_VonV.png Graphic file (type png)
<use ./img/plots/Trail4_VonV.png>
Package pdftex.def Info: ./img/plots/Trail4_VonV.png  used on input line 223.
(pdftex.def)             Requested size: 317.07614pt x 176.44186pt.


LaTeX Warning: `!h' float specifier changed to `!ht'.

[7 <./img/plots/Trail3_VonV.png> <./img/plots/Trail3_O.png>]
<./img/plots/Trail4_O.png, id=46, 409.7709pt x 327.3831pt>
File: ./img/plots/Trail4_O.png Graphic file (type png)
<use ./img/plots/Trail4_O.png>
Package pdftex.def Info: ./img/plots/Trail4_O.png  used on input line 230.
(pdftex.def)             Requested size: 317.07614pt x 253.33463pt.
<./img/plots/Trail5_VonV.png, id=47, 803.0pt x 451.6875pt>
File: ./img/plots/Trail5_VonV.png Graphic file (type png)
<use ./img/plots/Trail5_VonV.png>
Package pdftex.def Info: ./img/plots/Trail5_VonV.png  used on input line 238.
(pdftex.def)             Requested size: 317.07614pt x 178.35602pt.


LaTeX Warning: `!h' float specifier changed to `!ht'.

[8 <./img/plots/Trail4_VonV.png> <./img/plots/Trail4_O.png>]
<./img/plots/Trail5_O.png, id=53, 412.6617pt x 330.2739pt>
File: ./img/plots/Trail5_O.png Graphic file (type png)
<use ./img/plots/Trail5_O.png>
Package pdftex.def Info: ./img/plots/Trail5_O.png  used on input line 245.
(pdftex.def)             Requested size: 317.07614pt x 253.77243pt.
 [9 <./img/plots/Trail5_VonV.png> <./img/plots/Trail5_O.png>]
<./img/plots/3d_double_scroll.png, id=59, 684.5575pt x 451.6875pt>
File: ./img/plots/3d_double_scroll.png Graphic file (type png)
<use ./img/plots/3d_double_scroll.png>
Package pdftex.def Info: ./img/plots/3d_double_scroll.png  used on input line 299.
(pdftex.def)             Requested size: 317.07614pt x 209.21922pt.
 [10]
<./img/plots/Chua_Circuit_Variables_vs_Time.png, id=68, 684.5575pt x 451.6875pt>
File: ./img/plots/Chua_Circuit_Variables_vs_Time.png Graphic file (type png)
<use ./img/plots/Chua_Circuit_Variables_vs_Time.png>
Package pdftex.def Info: ./img/plots/Chua_Circuit_Variables_vs_Time.png  used on input line 306.
(pdftex.def)             Requested size: 317.07614pt x 209.21922pt.
 [11 <./img/plots/3d_double_scroll.png> <./img/plots/Chua_Circuit_Variables_vs_Time.png>] [12]
Underfull \hbox (badness 3312) in paragraph at lines 358--367
\OT1/cmr/m/n/12 Pages 332-339, ISSN 0960-0779, https://doi.org/10.1016/j.chaos.2015.05.028.
 []

[13] (./Lab3.aux) ) 
Here is how much of TeX's memory you used:
 4060 strings out of 476025
 63199 string characters out of 5790018
 1861388 words of memory out of 5000000
 24492 multiletter control sequences out of 15000+600000
 519188 words of font info for 56 fonts, out of 8000000 for 9000
 1141 hyphenation exceptions out of 8191
 57i,9n,62p,639b,261s stack positions out of 10000i,1000n,20000p,200000b,200000s
</usr/local/texlive/2023/texmf-dist/fonts/type1/public/amsfonts/cm/cmbx10.pfb></usr/local/texlive/2023/texmf-dist/fonts/type1/public/amsfonts/cm/cmbx12.pfb></usr/local/texlive/2023/texmf-dist/fonts/type1/public/amsfonts/cm/cmex10.pfb></usr/local/texlive/2023/texmf-dist/fonts/type1/public/amsfonts/cm/cmmi12.pfb></usr/local/texlive/2023/texmf-dist/fonts/type1/public/amsfonts/cm/cmmi8.pfb></usr/local/texlive/2023/texmf-dist/fonts/type1/public/amsfonts/cm/cmr10.pfb></usr/local/texlive/2023/texmf-dist/fonts/type1/public/amsfonts/cm/cmr12.pfb></usr/local/texlive/2023/texmf-dist/fonts/type1/public/amsfonts/cm/cmr17.pfb></usr/local/texlive/2023/texmf-dist/fonts/type1/public/amsfonts/cm/cmr8.pfb></usr/local/texlive/2023/texmf-dist/fonts/type1/public/amsfonts/cm/cmsy10.pfb>
Output written on Lab3.pdf (13 pages, 1151703 bytes).
PDF statistics:
 124 PDF objects out of 1000 (max. 8388607)
 62 compressed objects within 1 object stream
 0 named destinations out of 1000 (max. 500000)
 66 words of extra memory for PDF output out of 10000 (max. 10000000)

