This is pdfTeX, Version 3.141592653-2.6-1.40.24 (MiKTeX 22.1) (preloaded format=pdflatex 2024.2.10)  26 FEB 2024 15:48
entering extended mode
 restricted \write18 enabled.
 file:line:error style messages enabled.
 %&-line parsing enabled.
**"/Users/apple/Documents/School/Year 3 Spring/PHY 353L/Labs/Lab 2/LaTex Lab/Lab2.tex"
(/Users/apple/Documents/School/Year 3 Spring/PHY 353L/Labs/Lab 2/LaTex Lab/Lab2.tex
LaTeX2e <2023-11-01> patch level 1
L3 programming layer <2024-01-22>
(/Users/apple/Library/Application Support/MiKTeX/texmfs/install/tex/latex/base/article.cls
Document Class: article 2023/05/17 v1.4n Standard LaTeX document class
(/Users/apple/Library/Application Support/MiKTeX/texmfs/install/tex/latex/base/size12.clo
File: size12.clo 2023/05/17 v1.4n Standard LaTeX file (size option)
)
\c@part=\count187
\c@section=\count188
\c@subsection=\count189
\c@subsubsection=\count190
\c@paragraph=\count191
\c@subparagraph=\count192
\c@figure=\count193
\c@table=\count194
\abovecaptionskip=\skip48
\belowcaptionskip=\skip49
\bibindent=\dimen140
) (/Users/apple/Library/Application Support/MiKTeX/texmfs/install/tex/latex/graphics/graphicx.sty
Package: graphicx 2021/09/16 v1.2d Enhanced LaTeX Graphics (DPC,SPQR)
 (/Users/apple/Library/Application Support/MiKTeX/texmfs/install/tex/latex/graphics/keyval.sty
Package: keyval 2022/05/29 v1.15 key=value parser (DPC)
\KV@toks@=\toks17
) (/Users/apple/Library/Application Support/MiKTeX/texmfs/install/tex/latex/graphics/graphics.sty
Package: graphics 2022/03/10 v1.4e Standard LaTeX Graphics (DPC,SPQR)
 (/Users/apple/Library/Application Support/MiKTeX/texmfs/install/tex/latex/graphics/trig.sty
Package: trig 2021/08/11 v1.11 sin cos tan (DPC)
) (/Users/apple/Library/Application Support/MiKTeX/texmfs/install/tex/latex/graphics-cfg/graphics.cfg
File: graphics.cfg 2016/06/04 v1.11 sample graphics configuration
)
Package graphics Info: Driver file: pdftex.def on input line 107.
 (/Users/apple/Library/Application Support/MiKTeX/texmfs/install/tex/latex/graphics-def/pdftex.def
File: pdftex.def 2022/09/22 v1.2b Graphics/color driver for pdftex
))
\Gin@req@height=\dimen141
\Gin@req@width=\dimen142
) (/Users/apple/Library/Application Support/MiKTeX/texmfs/install/tex/latex/amsmath/amsmath.sty
Package: amsmath 2023/05/13 v2.17o AMS math features
\@mathmargin=\skip50

For additional information on amsmath, use the `?' option.
(/Users/apple/Library/Application Support/MiKTeX/texmfs/install/tex/latex/amsmath/amstext.sty
Package: amstext 2021/08/26 v2.01 AMS text
 (/Users/apple/Library/Application Support/MiKTeX/texmfs/install/tex/latex/amsmath/amsgen.sty
File: amsgen.sty 1999/11/30 v2.0 generic functions
\@emptytoks=\toks18
\ex@=\dimen143
)) (/Users/apple/Library/Application Support/MiKTeX/texmfs/install/tex/latex/amsmath/amsbsy.sty
Package: amsbsy 1999/11/29 v1.2d Bold Symbols
\pmbraise@=\dimen144
) (/Users/apple/Library/Application Support/MiKTeX/texmfs/install/tex/latex/amsmath/amsopn.sty
Package: amsopn 2022/04/08 v2.04 operator names
)
\inf@bad=\count195
LaTeX Info: Redefining \frac on input line 234.
\uproot@=\count196
\leftroot@=\count197
LaTeX Info: Redefining \overline on input line 399.
LaTeX Info: Redefining \colon on input line 410.
\classnum@=\count198
\DOTSCASE@=\count199
LaTeX Info: Redefining \ldots on input line 496.
LaTeX Info: Redefining \dots on input line 499.
LaTeX Info: Redefining \cdots on input line 620.
\Mathstrutbox@=\box51
\strutbox@=\box52
LaTeX Info: Redefining \big on input line 722.
LaTeX Info: Redefining \Big on input line 723.
LaTeX Info: Redefining \bigg on input line 724.
LaTeX Info: Redefining \Bigg on input line 725.
\big@size=\dimen145
LaTeX Font Info:    Redeclaring font encoding OML on input line 743.
LaTeX Font Info:    Redeclaring font encoding OMS on input line 744.
\macc@depth=\count266
LaTeX Info: Redefining \bmod on input line 905.
LaTeX Info: Redefining \pmod on input line 910.
LaTeX Info: Redefining \smash on input line 940.
LaTeX Info: Redefining \relbar on input line 970.
LaTeX Info: Redefining \Relbar on input line 971.
\c@MaxMatrixCols=\count267
\dotsspace@=\muskip16
\c@parentequation=\count268
\dspbrk@lvl=\count269
\tag@help=\toks19
\row@=\count270
\column@=\count271
\maxfields@=\count272
\andhelp@=\toks20
\eqnshift@=\dimen146
\alignsep@=\dimen147
\tagshift@=\dimen148
\tagwidth@=\dimen149
\totwidth@=\dimen150
\lineht@=\dimen151
\@envbody=\toks21
\multlinegap=\skip51
\multlinetaggap=\skip52
\mathdisplay@stack=\toks22
LaTeX Info: Redefining \[ on input line 2953.
LaTeX Info: Redefining \] on input line 2954.
) (/Users/apple/Library/Application Support/MiKTeX/texmfs/install/tex/latex/geometry/geometry.sty
Package: geometry 2020/01/02 v5.9 Page Geometry
 (/Users/apple/Library/Application Support/MiKTeX/texmfs/install/tex/generic/iftex/ifvtex.sty
Package: ifvtex 2019/10/25 v1.7 ifvtex legacy package. Use iftex instead.
 (/Users/apple/Library/Application Support/MiKTeX/texmfs/install/tex/generic/iftex/iftex.sty
Package: iftex 2022/02/03 v1.0f TeX engine tests
))
\Gm@cnth=\count273
\Gm@cntv=\count274
\c@Gm@tempcnt=\count275
\Gm@bindingoffset=\dimen152
\Gm@wd@mp=\dimen153
\Gm@odd@mp=\dimen154
\Gm@even@mp=\dimen155
\Gm@layoutwidth=\dimen156
\Gm@layoutheight=\dimen157
\Gm@layouthoffset=\dimen158
\Gm@layoutvoffset=\dimen159
\Gm@dimlist=\toks23
 (/Users/apple/Library/Application Support/MiKTeX/texmfs/install/tex/latex/geometry/geometry.cfg)) (/Users/apple/Library/Application Support/MiKTeX/texmfs/install/tex/latex/listings/listings.sty
\lst@mode=\count276
\lst@gtempboxa=\box53
\lst@token=\toks24
\lst@length=\count277
\lst@currlwidth=\dimen160
\lst@column=\count278
\lst@pos=\count279
\lst@lostspace=\dimen161
\lst@width=\dimen162
\lst@newlines=\count280
\lst@lineno=\count281
\lst@maxwidth=\dimen163
 (/Users/apple/Library/Application Support/MiKTeX/texmfs/install/tex/latex/listings/lstmisc.sty
File: lstmisc.sty 2023/02/27 1.9 (Carsten Heinz)
\c@lstnumber=\count282
\lst@skipnumbers=\count283
\lst@framebox=\box54
) (/Users/apple/Library/Application Support/MiKTeX/texmfs/install/tex/latex/listings/listings.cfg
File: listings.cfg 2023/02/27 1.9 listings configuration
))
Package: listings 2023/02/27 1.9 (Carsten Heinz)
 (/Users/apple/Library/Application Support/MiKTeX/texmfs/install/tex/latex/l3backend/l3backend-pdftex.def
File: l3backend-pdftex.def 2024-01-04 L3 backend support: PDF output (pdfTeX)
\l__color_backend_stack_int=\count284
\l__pdf_internal_box=\box55
) (Lab2.aux)
\openout1 = `Lab2.aux'.

LaTeX Font Info:    Checking defaults for OML/cmm/m/it on input line 15.
LaTeX Font Info:    ... okay on input line 15.
LaTeX Font Info:    Checking defaults for OMS/cmsy/m/n on input line 15.
LaTeX Font Info:    ... okay on input line 15.
LaTeX Font Info:    Checking defaults for OT1/cmr/m/n on input line 15.
LaTeX Font Info:    ... okay on input line 15.
LaTeX Font Info:    Checking defaults for T1/cmr/m/n on input line 15.
LaTeX Font Info:    ... okay on input line 15.
LaTeX Font Info:    Checking defaults for TS1/cmr/m/n on input line 15.
LaTeX Font Info:    ... okay on input line 15.
LaTeX Font Info:    Checking defaults for OMX/cmex/m/n on input line 15.
LaTeX Font Info:    ... okay on input line 15.
LaTeX Font Info:    Checking defaults for U/cmr/m/n on input line 15.
LaTeX Font Info:    ... okay on input line 15.
 (/Users/apple/Library/Application Support/MiKTeX/texmfs/install/tex/context/base/mkii/supp-pdf.mkii
[Loading MPS to PDF converter (version 2006.09.02).]
\scratchcounter=\count285
\scratchdimen=\dimen164
\scratchbox=\box56
\nofMPsegments=\count286
\nofMParguments=\count287
\everyMPshowfont=\toks25
\MPscratchCnt=\count288
\MPscratchDim=\dimen165
\MPnumerator=\count289
\makeMPintoPDFobject=\count290
\everyMPtoPDFconversion=\toks26
) (/Users/apple/Library/Application Support/MiKTeX/texmfs/install/tex/latex/epstopdf-pkg/epstopdf-base.sty
Package: epstopdf-base 2020-01-24 v2.11 Base part for package epstopdf
Package epstopdf-base Info: Redefining graphics rule for `.eps' on input line 485.
 (/Users/apple/Library/Application Support/MiKTeX/texmfs/install/tex/latex/00miktex/epstopdf-sys.cfg
File: epstopdf-sys.cfg 2021/03/18 v2.0 Configuration of epstopdf for MiKTeX
))
*geometry* driver: auto-detecting
*geometry* detected driver: pdftex
*geometry* verbose mode - [ preamble ] result:
* driver: pdftex
* paper: a4paper
* layout: <same size as paper>
* layoutoffset:(h,v)=(0.0pt,0.0pt)
* modes: 
* h-part:(L,W,R)=(72.26999pt, 452.9679pt, 72.26999pt)
* v-part:(T,H,B)=(72.26999pt, 700.50687pt, 72.26999pt)
* \paperwidth=597.50787pt
* \paperheight=845.04684pt
* \textwidth=452.9679pt
* \textheight=700.50687pt
* \oddsidemargin=0.0pt
* \evensidemargin=0.0pt
* \topmargin=-37.0pt
* \headheight=12.0pt
* \headsep=25.0pt
* \topskip=12.0pt
* \footskip=30.0pt
* \marginparwidth=44.0pt
* \marginparsep=10.0pt
* \columnsep=10.0pt
* \skip\footins=10.8pt plus 4.0pt minus 2.0pt
* \hoffset=0.0pt
* \voffset=0.0pt
* \mag=1000
* \@twocolumnfalse
* \@twosidefalse
* \@mparswitchfalse
* \@reversemarginfalse
* (1in=72.27pt=25.4mm, 1cm=28.453pt)

\c@lstlisting=\count291

Overfull \hbox (1.13785pt too wide) in paragraph at lines 19--23
\OT1/cmr/m/n/10.95 data with classical Newtonian and relativistic predictions to underscore the necessity
 []


Underfull \hbox (badness 10000) in paragraph at lines 29--33

 []


Underfull \hbox (badness 10000) in paragraph at lines 34--40

 []


Underfull \hbox (badness 10000) in paragraph at lines 41--45

 []


LaTeX Warning: No positions in optional float specifier.
               Default added (so using `tbp') on input line 46.

<./img/other/photoeletric_effect.png, id=1, 1027.84pt x 515.9275pt>
File: ./img/other/photoeletric_effect.png Graphic file (type png)
<use ./img/other/photoeletric_effect.png>
Package pdftex.def Info: ./img/other/photoeletric_effect.png  used on input line 48.
(pdftex.def)             Requested size: 271.7835pt x 136.42097pt.

Overfull \hbox (2.33987pt too wide) in paragraph at lines 53--59
[]\OT1/cmr/m/n/12 The main traits of the graph are the Compton edge, the photopeak, and the backscatter
 []


Underfull \hbox (badness 10000) in paragraph at lines 53--59

 []

[1

{/Users/apple/Library/Application Support/MiKTeX/texmfs/data/fonts/map/pdftex/pdftex.map}] [2 <./img/other/photoeletric_effect.png>]
Overfull \hbox (16.97075pt too wide) in paragraph at lines 101--102
\OT1/cmr/m/n/12 Eq. 5, the electron's momentum can be deduced. Consequently, we are able to experimentally
 []

[3]
<./img/other/module.png, id=23, 848.16875pt x 358.33875pt>
File: ./img/other/module.png Graphic file (type png)
<use ./img/other/module.png>
Package pdftex.def Info: ./img/other/module.png  used on input line 132.
(pdftex.def)             Requested size: 407.66833pt x 172.23576pt.

Underfull \hbox (badness 2245) in paragraph at lines 133--133
\OT1/cmr/m/n/12 detection module illustrating the process of scintillation and subsequent signal
 []


Underfull \hbox (badness 2828) in paragraph at lines 133--133
\OT1/cmr/m/n/12 photocathode. This primary electron is focused and multiplied through the
 []


Underfull \hbox (badness 10000) in paragraph at lines 150--151

 []


Underfull \hbox (badness 10000) in paragraph at lines 150--151

 []


Overfull \hbox (13.9592pt too wide) in paragraph at lines 153--159
\OT1/cmr/m/n/12 from the scintillation detector are then passed to a linear amplifier and then to a multichannel
 []

[4 <./img/other/module.png>]
<./img/other/Lab2 Apparatus.drawio.png, id=29, 382.42876pt x 372.39125pt>
File: ./img/other/Lab2 Apparatus.drawio.png Graphic file (type png)
<use ./img/other/Lab2 Apparatus.drawio.png>
Package pdftex.def Info: ./img/other/Lab2 Apparatus.drawio.png  used on input line 162.
(pdftex.def)             Requested size: 181.18439pt x 176.42741pt.
 [5 <./img/other/Lab2 Apparatus.drawio.png>]
Overfull \hbox (3.47134pt too wide) in paragraph at lines 199--203
\OT1/cmr/m/n/12 and momentum of the emitted electrons. The experimental data was found to be consistent
 []


Overfull \hbox (6.21298pt too wide) in paragraph at lines 199--203
\OT1/cmr/m/n/12 relativistic equations for kinetic energy and momentum. This also highlights the limitations
 []

<./img/plots/graph2.png, id=34, 862.22125pt x 365.365pt>
File: ./img/plots/graph2.png Graphic file (type png)
<use ./img/plots/graph2.png>
Package pdftex.def Info: ./img/plots/graph2.png  used on input line 209.
(pdftex.def)             Requested size: 407.66833pt x 172.74738pt.
<./img/plots/Co60.png, id=35, 881.2925pt x 365.365pt>
File: ./img/plots/Co60.png Graphic file (type png)
<use ./img/plots/Co60.png>
Package pdftex.def Info: ./img/plots/Co60.png  used on input line 215.
(pdftex.def)             Requested size: 407.66833pt x 169.01212pt.
<./img/plots/Graph3.png, id=36, 614.295pt x 393.8715pt>
File: ./img/plots/Graph3.png Graphic file (type png)
<use ./img/plots/Graph3.png>
Package pdftex.def Info: ./img/plots/Graph3.png  used on input line 221.
(pdftex.def)             Requested size: 271.7835pt x 174.25957pt.

LaTeX Warning: `!h' float specifier changed to `!ht'.

<./img/plots/Graph1.png, id=37, 416.2752pt x 327.3831pt>
File: ./img/plots/Graph1.png Graphic file (type png)
<use ./img/plots/Graph1.png>
Package pdftex.def Info: ./img/plots/Graph1.png  used on input line 227.
(pdftex.def)             Requested size: 271.7835pt x 213.75562pt.

LaTeX Warning: `!h' float specifier changed to `!ht'.

[6 <./img/plots/graph2.png> <./img/plots/Co60.png>]
Underfull \hbox (badness 2653) in paragraph at lines 245--246
[]\OT1/cmr/m/n/12 The Science and Maths Zone. (2021, March 14). The Photoelectric
 []


Underfull \hbox (badness 2376) in paragraph at lines 245--246
\OT1/cmr/m/n/12 Effect, Photons and Planck's Equation. The Science and Maths Zone.
 []


Underfull \hbox (badness 10000) in paragraph at lines 245--246
\OT1/cmr/m/n/12 https://thescienceandmathszone.com/the-photoelectric-effect-photons-and-
 []

[7 <./img/plots/Graph3.png> <./img/plots/Graph1.png>] [8] (Lab2.aux)
 ***********
LaTeX2e <2023-11-01> patch level 1
L3 programming layer <2024-01-22>
 ***********
 ) 
Here is how much of TeX's memory you used:
 3989 strings out of 476476
 62612 string characters out of 5794063
 1931975 words of memory out of 5000000
 25971 multiletter control sequences out of 15000+600000
 564970 words of font info for 60 fonts, out of 8000000 for 9000
 0 hyphenation exceptions out of 8191
 57i,6n,65p,744b,265s stack positions out of 10000i,1000n,20000p,200000b,200000s
</Users/apple/Library/Application Support/MiKTeX/texmfs/install/fonts/type1/public/amsfonts/cm/cmbx10.pfb></Users/apple/Library/Application Support/MiKTeX/texmfs/install/fonts/type1/public/amsfonts/cm/cmbx12.pfb></Users/apple/Library/Application Support/MiKTeX/texmfs/install/fonts/type1/public/amsfonts/cm/cmex10.pfb></Users/apple/Library/Application Support/MiKTeX/texmfs/install/fonts/type1/public/amsfonts/cm/cmmi12.pfb></Users/apple/Library/Application Support/MiKTeX/texmfs/install/fonts/type1/public/amsfonts/cm/cmmi8.pfb></Users/apple/Library/Application Support/MiKTeX/texmfs/install/fonts/type1/public/amsfonts/cm/cmr10.pfb></Users/apple/Library/Application Support/MiKTeX/texmfs/install/fonts/type1/public/amsfonts/cm/cmr12.pfb></Users/apple/Library/Application Support/MiKTeX/texmfs/install/fonts/type1/public/amsfonts/cm/cmr17.pfb></Users/apple/Library/Application Support/MiKTeX/texmfs/install/fonts/type1/public/amsfonts/cm/cmr6.pfb></Users/apple/Library/Application Support/MiKTeX/texmfs/install/fonts/type1/public/amsfonts/cm/cmr8.pfb></Users/apple/Library/Application Support/MiKTeX/texmfs/install/fonts/type1/public/amsfonts/cm/cmsy10.pfb>
Output written on Lab2.pdf (8 pages, 639773 bytes).
PDF statistics:
 98 PDF objects out of 1000 (max. 8388607)
 0 named destinations out of 1000 (max. 500000)
 36 words of extra memory for PDF output out of 10000 (max. 10000000)

